<?xml version="1.0" encoding="UTF-8"?>
<testng-results ignored="0" total="2" passed="2" failed="0" skipped="0">
  <reporter-output>
  </reporter-output>
  <suite started-at="2024-01-04T02:25:39 EET" name="Default suite" finished-at="2024-01-04T02:25:53 EET" duration-ms="14270">
    <groups>
    </groups>
    <test started-at="2024-01-04T02:25:39 EET" name="Default test" finished-at="2024-01-04T02:25:53 EET" duration-ms="14270">
      <class name="swagLab.testCases">
        <test-method is-config="true" signature="Setup()[pri:0, instance:swagLab.testCases@4264b240]" started-at="2024-01-04T02:25:39 EET" name="Setup" finished-at="2024-01-04T02:25:40 EET" duration-ms="1511" status="PASS">
          <reporter-output>
          </reporter-output>
        </test-method> <!-- Setup -->
        <test-method signature="sortItems()[pri:1, instance:swagLab.testCases@4264b240]" started-at="2024-01-04T02:25:40 EET" name="sortItems" finished-at="2024-01-04T02:25:44 EET" duration-ms="3647" status="PASS">
          <reporter-output>
          </reporter-output>
        </test-method> <!-- sortItems -->
        <test-method signature="checkout()[pri:2, instance:swagLab.testCases@4264b240]" started-at="2024-01-04T02:25:44 EET" name="checkout" finished-at="2024-01-04T02:25:53 EET" duration-ms="9062" status="PASS">
          <reporter-output>
          </reporter-output>
        </test-method> <!-- checkout -->
      </class> <!-- swagLab.testCases -->
    </test> <!-- Default test -->
  </suite> <!-- Default suite -->
</testng-results>
